<?xml version="1.0" encoding="UTF-8"?>
<testng-results ignored="0" total="1" passed="1" failed="0" skipped="0">
  <reporter-output>
  </reporter-output>
  <suite started-at="2023-03-05T11:07:53 IST" name="Suite" finished-at="2023-03-05T11:08:30 IST" duration-ms="37715">
    <groups>
    </groups>
    <test started-at="2023-03-05T11:07:53 IST" name="Test" finished-at="2023-03-05T11:08:30 IST" duration-ms="37715">
      <class name="Test_Classes.Test_1">
        <test-method is-config="true" signature="openBrowser12()[pri:0, instance:Test_Classes.Test_1@74f0ea28]" started-at="2023-03-05T11:07:53 IST" name="openBrowser12" finished-at="2023-03-05T11:08:13 IST" duration-ms="20794" status="PASS">
          <reporter-output>
          </reporter-output>
        </test-method> <!-- openBrowser12 -->
        <test-method is-config="true" signature="login12()[pri:0, instance:Test_Classes.Test_1@74f0ea28]" started-at="2023-03-05T11:08:13 IST" name="login12" finished-at="2023-03-05T11:08:21 IST" duration-ms="7182" status="PASS">
          <reporter-output>
          </reporter-output>
        </test-method> <!-- login12 -->
        <test-method signature="verifyusername12()[pri:0, instance:Test_Classes.Test_1@74f0ea28]" started-at="2023-03-05T11:08:21 IST" name="verifyusername12" finished-at="2023-03-05T11:08:21 IST" duration-ms="505" status="PASS">
          <reporter-output>
          </reporter-output>
        </test-method> <!-- verifyusername12 -->
        <test-method is-config="true" signature="logout12(org.testng.ITestResult)[pri:0, instance:Test_Classes.Test_1@74f0ea28]" started-at="2023-03-05T11:08:21 IST" name="logout12" finished-at="2023-03-05T11:08:25 IST" duration-ms="3806" status="PASS">
          <params>
            <param index="0">
              <value>
                <![CDATA[[TestResult name=verifyusername12 status=SUCCESS method=Test_1.verifyusername12()[pri:0, instance:Test_Classes.Test_1@74f0ea28] output={null}]]]>
              </value>
            </param>
          </params>
          <reporter-output>
          </reporter-output>
        </test-method> <!-- logout12 -->
        <test-method is-config="true" signature="closeBrowser()[pri:0, instance:Test_Classes.Test_1@74f0ea28]" started-at="2023-03-05T11:08:25 IST" name="closeBrowser" finished-at="2023-03-05T11:08:30 IST" duration-ms="5282" status="PASS">
          <reporter-output>
          </reporter-output>
        </test-method> <!-- closeBrowser -->
      </class> <!-- Test_Classes.Test_1 -->
    </test> <!-- Test -->
  </suite> <!-- Suite -->
</testng-results>
